<?xml version="1.0" encoding="UTF-8"?>
<coverage generated="1697500810812" clover="3.2.0">
  <project timestamp="1697500810812" name="All files">
    <metrics statements="7" coveredstatements="3" conditionals="2" coveredconditionals="0" methods="2" coveredmethods="1" elements="11" coveredelements="4" complexity="0" loc="7" ncloc="7" packages="1" files="1" classes="1"/>
    <file name="funcionario.js" path="C:\DELL\projeto-teste-javascript\app\funcionario.js">
      <metrics statements="7" coveredstatements="3" conditionals="2" coveredconditionals="0" methods="2" coveredmethods="1"/>
      <line num="1" count="1" type="stmt"/>
      <line num="7" count="1" type="stmt"/>
      <line num="10" count="0" type="cond" truecount="0" falsecount="2"/>
      <line num="11" count="0" type="stmt"/>
      <line num="13" count="0" type="stmt"/>
      <line num="14" count="0" type="stmt"/>
      <line num="19" count="1" type="stmt"/>
    </file>
  </project>
</coverage>
