{"C:\\DELL\\projeto-teste-javascript\\app\\funcionario.js": {"path":"C:\\DELL\\projeto-teste-javascript\\app\\funcionario.js","statementMap":{"0":{"start":{"line":1,"column":20},"end":{"line":17,"column":1}},"1":{"start":{"line":7,"column":8},"end":{"line":7,"column":27}},"2":{"start":{"line":10,"column":8},"end":{"line":15,"column":9}},"3":{"start":{"line":11,"column":12},"end":{"line":11,"column":24}},"4":{"start":{"line":13,"column":12},"end":{"line":13,"column":32}},"5":{"start":{"line":14,"column":12},"end":{"line":14,"column":23}},"6":{"start":{"line":19,"column":0},"end":{"line":19,"column":28}}},"fnMap":{"0":{"name":"(anonymous_0)","decl":{"start":{"line":6,"column":4},"end":{"line":6,"column":5}},"loc":{"start":{"line":6,"column":16},"end":{"line":8,"column":5}},"line":6},"1":{"name":"(anonymous_1)","decl":{"start":{"line":9,"column":4},"end":{"line":9,"column":5}},"loc":{"start":{"line":9,"column":21},"end":{"line":16,"column":5}},"line":9}},"branchMap":{"0":{"loc":{"start":{"line":10,"column":8},"end":{"line":15,"column":9}},"type":"if","locations":[{"start":{"line":10,"column":8},"end":{"line":15,"column":9}},{"start":{"line":12,"column":15},"end":{"line":15,"column":9}}],"line":10}},"s":{"0":1,"1":1,"2":0,"3":0,"4":0,"5":0,"6":1},"f":{"0":1,"1":0},"b":{"0":[0,0]},"_coverageSchema":"1a1c01bbd47fc00a2c39e90264f33305004495a9","hash":"0bfa1c04e12f09563cf78951a6a29b1d51830b07"}
}
